<?xml version="1.0" encoding="UTF-8"?>
<!-- Generated by org.testng.reporters.JUnitReportReporter -->
<testsuite hostname="DESKTOP-MQ3HC9C" failures="0" tests="4" name="api.test.UserTestThroughPropertiesFile" time="6.337" errors="0" timestamp="2024-04-29T13:36:06 IST" skipped="0">
  <testcase classname="api.test.UserTestThroughPropertiesFile" name="testPostUser" time="1.904"/>
  <testcase classname="api.test.UserTestThroughPropertiesFile" name="testGetUser" time="1.163"/>
  <testcase classname="api.test.UserTestThroughPropertiesFile" name="testUpdateUserByName" time="2.180"/>
  <testcase classname="api.test.UserTestThroughPropertiesFile" name="testDeleteByName" time="1.090"/>
</testsuite> <!-- api.test.UserTestThroughPropertiesFile -->
