<?xml version="1.0" encoding="UTF-8"?>
<!-- Generated by org.testng.reporters.JUnitReportReporter -->
<testsuite hostname="DESKTOP-MQ3HC9C" failures="0" tests="4" name="api.test.UserTest" time="5.606" errors="0" timestamp="2024-04-29T00:31:21 IST" skipped="0">
  <testcase classname="api.test.UserTest" name="testPostUser" time="1.131"/>
  <testcase classname="api.test.UserTest" name="testGetUser" time="1.163"/>
  <testcase classname="api.test.UserTest" name="testUpdateUserByName" time="2.227"/>
  <testcase classname="api.test.UserTest" name="testDeleteByName" time="1.085"/>
</testsuite> <!-- api.test.UserTest -->
