<?xml version="1.0" encoding="UTF-8"?>
<!-- Generated by org.testng.reporters.JUnitReportReporter -->
<testsuite hostname="DESKTOP-MQ3HC9C" failures="0" tests="6" name="api.test.DataDrivenTest" time="7.409" errors="0" timestamp="2024-04-29T00:31:21 IST" skipped="0">
  <testcase classname="api.test.DataDrivenTest" name="testPostUser" time="1.108"/>
  <testcase classname="api.test.DataDrivenTest" name="testPostUser" time="1.064"/>
  <testcase classname="api.test.DataDrivenTest" name="testPostUser" time="1.901"/>
  <testcase classname="api.test.DataDrivenTest" name="testDeleteUserByName" time="1.122"/>
  <testcase classname="api.test.DataDrivenTest" name="testDeleteUserByName" time="1.118"/>
  <testcase classname="api.test.DataDrivenTest" name="testDeleteUserByName" time="1.096"/>
</testsuite> <!-- api.test.DataDrivenTest -->
