<?xml version="1.0" encoding="UTF-8"?>
<!-- Generated by org.testng.reporters.JUnitReportReporter -->
<testsuite hostname="DESKTOP-MQ3HC9C" failures="0" tests="4" name="api.test.UserTestThroughPropertiesFile" time="6.122" errors="0" timestamp="2024-04-29T14:34:29 IST" skipped="0">
  <testcase classname="api.test.UserTestThroughPropertiesFile" name="testPostUser" time="1.737"/>
  <testcase classname="api.test.UserTestThroughPropertiesFile" name="testGetUser" time="1.135"/>
  <testcase classname="api.test.UserTestThroughPropertiesFile" name="testUpdateUserByName" time="2.170"/>
  <testcase classname="api.test.UserTestThroughPropertiesFile" name="testDeleteByName" time="1.080"/>
</testsuite> <!-- api.test.UserTestThroughPropertiesFile -->
